*** Statistics for net list snake_top_top ***
Number of cells      = 28235
Number of nets       = 7960
Number of tri-nets   = 0
Number of degen nets = 2
Number of pins       = 23972
Number of i/os       = 33

Number of nets with    1 terms = 2 (0.0%)
Number of nets with    2 terms = 5843 (73.4%)
Number of nets with    3 terms = 1076 (13.5%)
Number of nets with    4 terms = 235 (3.0%)
Number of nets with    5 terms = 184 (2.3%)
Number of nets with    6 terms = 122 (1.5%)
Number of nets with    7 terms = 107 (1.3%)
Number of nets with    8 terms = 64 (0.8%)
Number of nets with    9 terms = 53 (0.7%)
Number of nets with >=10 terms = 274 (3.4%)

*** 34 Primitives used:
Primitive pad_vdd (1 insts)
Primitive pad_out (27 insts)
Primitive pad_in (6 insts)
Primitive pad_gnd (1 insts)
Primitive pad_fill_8 (14 insts)
Primitive pad_fill_32 (8 insts)
Primitive pad_fill_2 (4 insts)
Primitive pad_fill_16 (4 insts)
Primitive pad_fill_1 (10 insts)
Primitive pad_corner (4 insts)
Primitive XOR2X1 (103 insts)
Primitive TIE1 (1 insts)
Primitive TIE0 (1 insts)
Primitive OR2X1 (87 insts)
Primitive NOR2X1 (572 insts)
Primitive NAND3X1 (659 insts)
Primitive NAND2X1 (4396 insts)
Primitive MUX2X1 (28 insts)
Primitive INVX4 (66 insts)
Primitive INVX32 (27 insts)
Primitive INVX2 (245 insts)
Primitive INVX16 (27 insts)
Primitive INVX1 (39 insts)
Primitive FILL8 (668 insts)
Primitive FILL4 (2192 insts)
Primitive FILL32 (7992 insts)
Primitive FILL2 (4748 insts)
Primitive FILL16 (358 insts)
Primitive FILL1 (4283 insts)
Primitive DFFQX1 (675 insts)
Primitive DFFQQBX1 (6 insts)
Primitive DFFQBX1 (53 insts)
Primitive BUFX1 (155 insts)
Primitive AND2X1 (775 insts)
************
