###############################################################
#  Generated by:      Cadence Innovus 17.11-s080_1
#  OS:                Linux x86_64(Host ID lab2-34.eng.utah.edu)
#  Generated on:      Fri Nov 30 18:57:56 2018
#  Design:            snake_top_top
#  Command:           report_timing > ${rpt_dir}/timing_final.rpt
###############################################################
Path 1: MET Setup Check with Pin s_top/mem/world_memory_reg[135][0]/CLK 
Endpoint:   s_top/mem/world_memory_reg[135][0]/D (^) checked with  leading edge 
of 'clk'
Beginpoint: s_top/sw/y_loc_reg[0]/Q              (v) triggered by  leading edge 
of 'clk'
Path Groups: {clk}
Analysis View: wc
Other End Arrival Time         -0.065
- Setup                         0.219
+ Phase Shift                  20.000
= Required Time                19.716
- Arrival Time                  7.160
= Slack Time                   12.557
     Clock Rise Edge                 0.000
     + Clock Network Latency (Prop)  0.001
     = Beginpoint Arrival Time       0.001
     +------------------------------------------------------------------------------------------+ 
     |              Instance              |     Arc      |  Cell   | Delay | Arrival | Required | 
     |                                    |              |         |       |  Time   |   Time   | 
     |------------------------------------+--------------+---------+-------+---------+----------| 
     | s_top/sw/y_loc_reg[0]              | CLK ^        |         |       |   0.001 |   12.558 | 
     | s_top/sw/y_loc_reg[0]              | CLK ^ -> Q v | DFFQX1  | 0.396 |   0.398 |   12.954 | 
     | s_top/mem/mult_244_S2/U31          | A v -> Z ^   | XOR2X1  | 0.340 |   0.738 |   13.294 | 
     | s_top/mem/mult_244_S2/U2           | A ^ -> Z v   | INVX2   | 0.097 |   0.835 |   13.392 | 
     | s_top/mem/mult_244_S2/U28          | B v -> Z v   | AND2X1  | 0.131 |   0.966 |   13.522 | 
     | s_top/mem/mult_244_S2/U27          | B v -> Z v   | MUX2X1  | 0.268 |   1.233 |   13.790 | 
     | s_top/mem/add_244_S2/U20           | B v -> Z v   | OR2X1   | 0.119 |   1.353 |   13.909 | 
     | s_top/mem/add_244_S2/U19           | B v -> Z ^   | NAND2X1 | 0.086 |   1.438 |   13.995 | 
     | s_top/mem/add_244_S2/U18           | B ^ -> Z v   | NAND2X1 | 0.080 |   1.518 |   14.075 | 
     | s_top/mem/add_244_S2/U6            | A v -> Z ^   | INVX2   | 0.098 |   1.616 |   14.173 | 
     | s_top/mem/add_244_S2/U15           | A ^ -> Z v   | NAND2X1 | 0.057 |   1.673 |   14.230 | 
     | s_top/mem/add_244_S2/U14           | B v -> Z ^   | NAND2X1 | 0.084 |   1.757 |   14.313 | 
     | s_top/mem/add_244_S2/U13           | B ^ -> Z v   | NAND2X1 | 0.102 |   1.859 |   14.415 | 
     | s_top/mem/add_244_S2/U11           | B v -> Z ^   | NAND3X1 | 0.263 |   2.121 |   14.678 | 
     | s_top/mem/add_244_S2/U5            | B ^ -> Z v   | NOR2X1  | 0.101 |   2.223 |   14.779 | 
     | s_top/mem/add_244_S2/U4            | B v -> Z v   | AND2X1  | 0.324 |   2.547 |   15.103 | 
     | s_top/mem/U3                       | A v -> Z ^   | INVX4   | 0.224 |   2.771 |   15.327 | 
     | s_top/mem/U2170                    | B ^ -> Z ^   | AND2X1  | 1.336 |   4.106 |   16.663 | 
     | s_top/mem/U2147                    | A ^ -> Z ^   | AND2X1  | 0.536 |   4.643 |   17.199 | 
     | s_top/mem/U2065                    | B ^ -> Z ^   | AND2X1  | 2.036 |   6.679 |   19.235 | 
     | s_top/mem/U1122                    | B ^ -> Z v   | NAND2X1 | 0.222 |   6.901 |   19.458 | 
     | s_top/mem/U1121                    | B v -> Z ^   | NAND2X1 | 0.259 |   7.160 |   19.716 | 
     | s_top/mem/world_memory_reg[135][0] | D ^          | DFFQX1  | 0.000 |   7.160 |   19.716 | 
     +------------------------------------------------------------------------------------------+ 

