Loading db file '/research/ece/lnis-teaching/Designkits/tsmc180nm/full_custom_lib/lib/sclib_tsmc180_tt_nldm.db'
Information: Propagating switching activity (low effort zero delay simulation). (PWR-6)
Warning: Design has unannotated primary inputs. (PWR-414)
Warning: Design has unannotated sequential cell outputs. (PWR-415)
 
****************************************
Report : power
        -analysis_effort low
Design : snake_top
Version: K-2015.06-SP5-6
Date   : Thu Nov 29 19:16:23 2018
****************************************


Library(s) Used:

    sclib_tsmc180_tt (File: /research/ece/lnis-teaching/Designkits/tsmc180nm/full_custom_lib/lib/sclib_tsmc180_tt_nldm.db)


Operating Conditions: PVT_1P8V_25C   Library: sclib_tsmc180_tt
Wire Load Model Mode: top


Global Operating Voltage = 1.8  
Power-specific unit information :
    Voltage Units = 1V
    Capacitance Units = 1.000000pf
    Time Units = 1ns
    Dynamic Power Units = 1mW    (derived from V,C,T units)
    Leakage Power Units = 1nW


  Cell Internal Power  = 358.6147 uW   (91%)
  Net Switching Power  =  36.3840 uW    (9%)
                         ---------
Total Dynamic Power    = 394.9988 uW  (100%)

Cell Leakage Power     = 252.2457 nW


                 Internal         Switching           Leakage            Total
Power Group      Power            Power               Power              Power   (   %    )  Attrs
--------------------------------------------------------------------------------------------------
io_pad             0.0000            0.0000            0.0000            0.0000  (   0.00%)
memory             0.0000            0.0000            0.0000            0.0000  (   0.00%)
black_box          0.0000            0.0000            0.0000            0.0000  (   0.00%)
clock_network      0.0000            0.0000            0.0000            0.0000  (   0.00%)
register           0.2809        5.4687e-04           73.5060            0.2816  (  71.24%)
sequential     4.5080e-02        1.0012e-04           25.2109        4.5205e-02  (  11.44%)
combinational  3.2588e-02        3.5737e-02          153.5287        6.8479e-02  (  17.33%)
--------------------------------------------------------------------------------------------------
Total              0.3586 mW     3.6384e-02 mW       252.2456 nW         0.3952 mW
1
