
Cadence Innovus(TM) Implementation System.
Copyright 2017 Cadence Design Systems, Inc. All rights reserved worldwide.

Version:	v17.11-s080_1, built Fri Aug 4 11:13:11 PDT 2017
Options:	
Date:		Thu Nov 29 17:51:27 2018
Host:		lab2-33.eng.utah.edu (x86_64 w/Linux 3.10.0-862.14.4.el7.x86_64) (4cores*8cpus*Intel(R) Core(TM) i7-4790 CPU @ 3.60GHz 8192KB)
OS:		Red Hat Enterprise Linux Server release 7.5 (Maipo)

License:
		invs	Innovus Implementation System	17.1	checkout succeeded
		8 CPU jobs allowed with the current license(s). Use setMultiCpuUsage to set your required CPU count.
Change the soft stacksize limit to 0.2%RAM (47 mbytes). Set global soft_stack_size_limit to change the value.

**INFO:  MMMC transition support version v31-84 

<CMD> set_global _enable_mmmc_by_default_flow      $CTE::mmmc_default
<CMD> suppressMessage ENCEXT-2799
<CMD> getDrawView
<CMD> loadWorkspace -name Physical
<CMD> win

*** Memory Usage v#1 (Current mem = 482.289M, initial mem = 179.676M) ***
*** Message Summary: 0 warning(s), 0 error(s)

--- Ending "Innovus" (totcpu=0:00:09.0, real=0:00:26.0, mem=482.3M) ---
